<?xml version="1.0" encoding="UTF-8" ?>
<testsuite failures="0" time="2.544" errors="0" skipped="0" tests="1" name="edu.cmu.cs.lane.MyResourceTest">
  <properties>
    <property name="java.runtime.name" value="Java(TM) SE Runtime Environment"/>
    <property name="sun.boot.library.path" value="/System/Library/Java/JavaVirtualMachines/1.6.0.jdk/Contents/Libraries"/>
    <property name="java.vm.version" value="20.65-b04-462"/>
    <property name="awt.nativeDoubleBuffering" value="true"/>
    <property name="gopherProxySet" value="false"/>
    <property name="mrj.build" value="11M4609"/>
    <property name="java.vm.vendor" value="Apple Inc."/>
    <property name="java.vendor.url" value="http://www.apple.com/"/>
    <property name="path.separator" value=":"/>
    <property name="java.vm.name" value="Java HotSpot(TM) 64-Bit Server VM"/>
    <property name="file.encoding.pkg" value="sun.io"/>
    <property name="user.country" value="US"/>
    <property name="sun.java.launcher" value="SUN_STANDARD"/>
    <property name="sun.os.patch.level" value="unknown"/>
    <property name="java.vm.specification.name" value="Java Virtual Machine Specification"/>
    <property name="user.dir" value="/Users/zinman/git/API_Server"/>
    <property name="java.runtime.version" value="1.6.0_65-b14-462-11M4609"/>
    <property name="java.awt.graphicsenv" value="apple.awt.CGraphicsEnvironment"/>
    <property name="basedir" value="/Users/zinman/git/API_Server"/>
    <property name="java.endorsed.dirs" value="/System/Library/Java/JavaVirtualMachines/1.6.0.jdk/Contents/Home/lib/endorsed"/>
    <property name="os.arch" value="x86_64"/>
    <property name="surefire.real.class.path" value="/var/folders/61/h6bjh1r134nd4h8bjfv60s5m0000gn/T/surefirebooter229797676555135262.jar"/>
    <property name="java.io.tmpdir" value="/var/folders/61/h6bjh1r134nd4h8bjfv60s5m0000gn/T/"/>
    <property name="line.separator" value="
"/>
    <property name="java.vm.specification.vendor" value="Sun Microsystems Inc."/>
    <property name="os.name" value="Mac OS X"/>
    <property name="sun.jnu.encoding" value="MacRoman"/>
    <property name="java.library.path" value=".:/Library/Java/Extensions:/System/Library/Java/Extensions:/usr/lib/java"/>
    <property name="surefire.test.class.path" value="/Users/zinman/git/API_Server/target/test-classes:/Users/zinman/git/API_Server/target/classes:/Users/zinman/.m2/repository/org/glassfish/jersey/containers/jersey-container-grizzly2-http/2.3/jersey-container-grizzly2-http-2.3.jar:/Users/zinman/.m2/repository/org/glassfish/hk2/external/javax.inject/2.2.0-b14/javax.inject-2.2.0-b14.jar:/Users/zinman/.m2/repository/org/glassfish/grizzly/grizzly-http-server/2.3.3/grizzly-http-server-2.3.3.jar:/Users/zinman/.m2/repository/org/glassfish/grizzly/grizzly-http/2.3.3/grizzly-http-2.3.3.jar:/Users/zinman/.m2/repository/org/glassfish/grizzly/grizzly-framework/2.3.3/grizzly-framework-2.3.3.jar:/Users/zinman/.m2/repository/org/glassfish/grizzly/grizzly-rcm/2.3.3/grizzly-rcm-2.3.3.jar:/Users/zinman/.m2/repository/org/glassfish/jersey/core/jersey-common/2.3/jersey-common-2.3.jar:/Users/zinman/.m2/repository/javax/ws/rs/javax.ws.rs-api/2.0/javax.ws.rs-api-2.0.jar:/Users/zinman/.m2/repository/javax/annotation/javax.annotation-api/1.2/javax.annotation-api-1.2.jar:/Users/zinman/.m2/repository/com/google/guava/guava/14.0.1/guava-14.0.1.jar:/Users/zinman/.m2/repository/org/glassfish/hk2/hk2-api/2.2.0-b14/hk2-api-2.2.0-b14.jar:/Users/zinman/.m2/repository/org/glassfish/hk2/hk2-utils/2.2.0-b14/hk2-utils-2.2.0-b14.jar:/Users/zinman/.m2/repository/org/glassfish/hk2/hk2-locator/2.2.0-b14/hk2-locator-2.2.0-b14.jar:/Users/zinman/.m2/repository/org/glassfish/hk2/external/asm-all-repackaged/2.2.0-b14/asm-all-repackaged-2.2.0-b14.jar:/Users/zinman/.m2/repository/org/glassfish/hk2/external/cglib/2.2.0-b14/cglib-2.2.0-b14.jar:/Users/zinman/.m2/repository/org/glassfish/hk2/osgi-resource-locator/1.0.1/osgi-resource-locator-1.0.1.jar:/Users/zinman/.m2/repository/org/glassfish/jersey/core/jersey-server/2.3/jersey-server-2.3.jar:/Users/zinman/.m2/repository/org/glassfish/jersey/core/jersey-client/2.3/jersey-client-2.3.jar:/Users/zinman/.m2/repository/javax/validation/validation-api/1.1.0.Final/validation-api-1.1.0.Final.jar:/Users/zinman/.m2/repository/org/glassfish/jersey/media/jersey-media-moxy/2.3/jersey-media-moxy-2.3.jar:/Users/zinman/.m2/repository/org/glassfish/jersey/ext/jersey-entity-filtering/2.3/jersey-entity-filtering-2.3.jar:/Users/zinman/.m2/repository/org/eclipse/persistence/org.eclipse.persistence.moxy/2.5.0/org.eclipse.persistence.moxy-2.5.0.jar:/Users/zinman/.m2/repository/org/eclipse/persistence/org.eclipse.persistence.core/2.5.0/org.eclipse.persistence.core-2.5.0.jar:/Users/zinman/.m2/repository/org/eclipse/persistence/org.eclipse.persistence.asm/2.5.0/org.eclipse.persistence.asm-2.5.0.jar:/Users/zinman/.m2/repository/org/eclipse/persistence/org.eclipse.persistence.antlr/2.5.0/org.eclipse.persistence.antlr-2.5.0.jar:/Users/zinman/.m2/repository/org/json/json/20090211/json-20090211.jar:/Users/zinman/.m2/repository/commons-configuration/commons-configuration/1.6/commons-configuration-1.6.jar:/Users/zinman/.m2/repository/commons-collections/commons-collections/3.2.1/commons-collections-3.2.1.jar:/Users/zinman/.m2/repository/commons-lang/commons-lang/2.4/commons-lang-2.4.jar:/Users/zinman/.m2/repository/commons-logging/commons-logging/1.1.1/commons-logging-1.1.1.jar:/Users/zinman/.m2/repository/commons-digester/commons-digester/1.8/commons-digester-1.8.jar:/Users/zinman/.m2/repository/commons-beanutils/commons-beanutils/1.7.0/commons-beanutils-1.7.0.jar:/Users/zinman/.m2/repository/commons-beanutils/commons-beanutils-core/1.8.0/commons-beanutils-core-1.8.0.jar:/Users/zinman/.m2/repository/junit/junit/4.9/junit-4.9.jar:/Users/zinman/.m2/repository/org/hamcrest/hamcrest-core/1.1/hamcrest-core-1.1.jar:/Users/zinman/.m2/repository/mysql/mysql-connector-java/5.1.6/mysql-connector-java-5.1.6.jar:/Users/zinman/.m2/repository/edu/cmu/cs/lane/genetic-pipeline/0.02/genetic-pipeline-0.02.jar:"/>
    <property name="java.specification.name" value="Java Platform API Specification"/>
    <property name="java.class.version" value="50.0"/>
    <property name="sun.management.compiler" value="HotSpot 64-Bit Tiered Compilers"/>
    <property name="os.version" value="10.9"/>
    <property name="http.nonProxyHosts" value="local|*.local|169.254/16|*.169.254/16"/>
    <property name="user.home" value="/Users/zinman"/>
    <property name="user.timezone" value="Asia/Jerusalem"/>
    <property name="java.awt.printerjob" value="apple.awt.CPrinterJob"/>
    <property name="java.specification.version" value="1.6"/>
    <property name="file.encoding" value="MacRoman"/>
    <property name="user.name" value="zinman"/>
    <property name="java.class.path" value="/Users/zinman/git/API_Server/target/test-classes:/Users/zinman/git/API_Server/target/classes:/Users/zinman/.m2/repository/org/glassfish/jersey/containers/jersey-container-grizzly2-http/2.3/jersey-container-grizzly2-http-2.3.jar:/Users/zinman/.m2/repository/org/glassfish/hk2/external/javax.inject/2.2.0-b14/javax.inject-2.2.0-b14.jar:/Users/zinman/.m2/repository/org/glassfish/grizzly/grizzly-http-server/2.3.3/grizzly-http-server-2.3.3.jar:/Users/zinman/.m2/repository/org/glassfish/grizzly/grizzly-http/2.3.3/grizzly-http-2.3.3.jar:/Users/zinman/.m2/repository/org/glassfish/grizzly/grizzly-framework/2.3.3/grizzly-framework-2.3.3.jar:/Users/zinman/.m2/repository/org/glassfish/grizzly/grizzly-rcm/2.3.3/grizzly-rcm-2.3.3.jar:/Users/zinman/.m2/repository/org/glassfish/jersey/core/jersey-common/2.3/jersey-common-2.3.jar:/Users/zinman/.m2/repository/javax/ws/rs/javax.ws.rs-api/2.0/javax.ws.rs-api-2.0.jar:/Users/zinman/.m2/repository/javax/annotation/javax.annotation-api/1.2/javax.annotation-api-1.2.jar:/Users/zinman/.m2/repository/com/google/guava/guava/14.0.1/guava-14.0.1.jar:/Users/zinman/.m2/repository/org/glassfish/hk2/hk2-api/2.2.0-b14/hk2-api-2.2.0-b14.jar:/Users/zinman/.m2/repository/org/glassfish/hk2/hk2-utils/2.2.0-b14/hk2-utils-2.2.0-b14.jar:/Users/zinman/.m2/repository/org/glassfish/hk2/hk2-locator/2.2.0-b14/hk2-locator-2.2.0-b14.jar:/Users/zinman/.m2/repository/org/glassfish/hk2/external/asm-all-repackaged/2.2.0-b14/asm-all-repackaged-2.2.0-b14.jar:/Users/zinman/.m2/repository/org/glassfish/hk2/external/cglib/2.2.0-b14/cglib-2.2.0-b14.jar:/Users/zinman/.m2/repository/org/glassfish/hk2/osgi-resource-locator/1.0.1/osgi-resource-locator-1.0.1.jar:/Users/zinman/.m2/repository/org/glassfish/jersey/core/jersey-server/2.3/jersey-server-2.3.jar:/Users/zinman/.m2/repository/org/glassfish/jersey/core/jersey-client/2.3/jersey-client-2.3.jar:/Users/zinman/.m2/repository/javax/validation/validation-api/1.1.0.Final/validation-api-1.1.0.Final.jar:/Users/zinman/.m2/repository/org/glassfish/jersey/media/jersey-media-moxy/2.3/jersey-media-moxy-2.3.jar:/Users/zinman/.m2/repository/org/glassfish/jersey/ext/jersey-entity-filtering/2.3/jersey-entity-filtering-2.3.jar:/Users/zinman/.m2/repository/org/eclipse/persistence/org.eclipse.persistence.moxy/2.5.0/org.eclipse.persistence.moxy-2.5.0.jar:/Users/zinman/.m2/repository/org/eclipse/persistence/org.eclipse.persistence.core/2.5.0/org.eclipse.persistence.core-2.5.0.jar:/Users/zinman/.m2/repository/org/eclipse/persistence/org.eclipse.persistence.asm/2.5.0/org.eclipse.persistence.asm-2.5.0.jar:/Users/zinman/.m2/repository/org/eclipse/persistence/org.eclipse.persistence.antlr/2.5.0/org.eclipse.persistence.antlr-2.5.0.jar:/Users/zinman/.m2/repository/org/json/json/20090211/json-20090211.jar:/Users/zinman/.m2/repository/commons-configuration/commons-configuration/1.6/commons-configuration-1.6.jar:/Users/zinman/.m2/repository/commons-collections/commons-collections/3.2.1/commons-collections-3.2.1.jar:/Users/zinman/.m2/repository/commons-lang/commons-lang/2.4/commons-lang-2.4.jar:/Users/zinman/.m2/repository/commons-logging/commons-logging/1.1.1/commons-logging-1.1.1.jar:/Users/zinman/.m2/repository/commons-digester/commons-digester/1.8/commons-digester-1.8.jar:/Users/zinman/.m2/repository/commons-beanutils/commons-beanutils/1.7.0/commons-beanutils-1.7.0.jar:/Users/zinman/.m2/repository/commons-beanutils/commons-beanutils-core/1.8.0/commons-beanutils-core-1.8.0.jar:/Users/zinman/.m2/repository/junit/junit/4.9/junit-4.9.jar:/Users/zinman/.m2/repository/org/hamcrest/hamcrest-core/1.1/hamcrest-core-1.1.jar:/Users/zinman/.m2/repository/mysql/mysql-connector-java/5.1.6/mysql-connector-java-5.1.6.jar:/Users/zinman/.m2/repository/edu/cmu/cs/lane/genetic-pipeline/0.02/genetic-pipeline-0.02.jar:"/>
    <property name="java.vm.specification.version" value="1.0"/>
    <property name="sun.arch.data.model" value="64"/>
    <property name="java.home" value="/System/Library/Java/JavaVirtualMachines/1.6.0.jdk/Contents/Home"/>
    <property name="sun.java.command" value="/var/folders/61/h6bjh1r134nd4h8bjfv60s5m0000gn/T/surefirebooter229797676555135262.jar /var/folders/61/h6bjh1r134nd4h8bjfv60s5m0000gn/T/surefire1849182795566280728tmp /var/folders/61/h6bjh1r134nd4h8bjfv60s5m0000gn/T/surefire8841759323640979227tmp"/>
    <property name="java.specification.vendor" value="Sun Microsystems Inc."/>
    <property name="user.language" value="en"/>
    <property name="awt.toolkit" value="apple.awt.CToolkit"/>
    <property name="java.vm.info" value="mixed mode"/>
    <property name="java.version" value="1.6.0_65"/>
    <property name="java.ext.dirs" value="/Library/Java/Extensions:/System/Library/Java/Extensions:/System/Library/Java/JavaVirtualMachines/1.6.0.jdk/Contents/Home/lib/ext"/>
    <property name="sun.boot.class.path" value="/System/Library/Java/JavaVirtualMachines/1.6.0.jdk/Contents/Classes/jsfd.jar:/System/Library/Java/JavaVirtualMachines/1.6.0.jdk/Contents/Classes/classes.jar:/System/Library/Frameworks/JavaVM.framework/Frameworks/JavaRuntimeSupport.framework/Resources/Java/JavaRuntimeSupport.jar:/System/Library/Java/JavaVirtualMachines/1.6.0.jdk/Contents/Classes/ui.jar:/System/Library/Java/JavaVirtualMachines/1.6.0.jdk/Contents/Classes/laf.jar:/System/Library/Java/JavaVirtualMachines/1.6.0.jdk/Contents/Classes/sunrsasign.jar:/System/Library/Java/JavaVirtualMachines/1.6.0.jdk/Contents/Classes/jsse.jar:/System/Library/Java/JavaVirtualMachines/1.6.0.jdk/Contents/Classes/jce.jar:/System/Library/Java/JavaVirtualMachines/1.6.0.jdk/Contents/Classes/charsets.jar"/>
    <property name="java.vendor" value="Apple Inc."/>
    <property name="localRepository" value="/Users/zinman/.m2/repository"/>
    <property name="file.separator" value="/"/>
    <property name="java.vendor.url.bug" value="http://bugreport.apple.com/"/>
    <property name="sun.cpu.endian" value="little"/>
    <property name="sun.io.unicode.encoding" value="UnicodeLittle"/>
    <property name="mrj.version" value="1070.1.6.0_65-462"/>
    <property name="socksNonProxyHosts" value="local|*.local|169.254/16|*.169.254/16"/>
    <property name="ftp.nonProxyHosts" value="local|*.local|169.254/16|*.169.254/16"/>
    <property name="sun.cpu.isalist" value=""/>
  </properties>
  <testcase time="2.519" classname="edu.cmu.cs.lane.MyResourceTest" name="testGetIt"/>
</testsuite>